{
  "stats": {
    "suites": 1,
    "tests": 2,
    "passes": 2,
    "pending": 0,
    "failures": 0,
    "start": "2024-12-15T23:50:29.450Z",
    "end": "2024-12-15T23:50:29.843Z",
    "duration": 393,
    "testsRegistered": 2,
    "passPercent": 100,
    "pendingPercent": 0,
    "other": 0,
    "hasOther": false,
    "skipped": 0,
    "hasSkipped": false
  },
  "results": [
    {
      "uuid": "a0ebdc31-c4b5-48d8-b725-15c59f5f2620",
      "title": "",
      "fullFile": "cypress\\e2e\\backend\\cadastrar-usuario-backend.cy.js",
      "file": "cypress\\e2e\\backend\\cadastrar-usuario-backend.cy.js",
      "beforeHooks": [],
      "afterHooks": [],
      "tests": [],
      "suites": [
        {
          "uuid": "e1dc8e2d-e190-410b-bd1e-47cd95227115",
          "title": "Funcionalidade de cadastro de usuario",
          "fullFile": "",
          "file": "",
          "beforeHooks": [],
          "afterHooks": [],
          "tests": [
            {
              "title": "Cadastrar usuario com sucesso",
              "fullTitle": "Funcionalidade de cadastro de usuario Cadastrar usuario com sucesso",
              "timedOut": null,
              "duration": 191,
              "state": "passed",
              "speed": "fast",
              "pass": true,
              "fail": false,
              "pending": false,
              "context": null,
              "code": "cy.registerNewUser(person);",
              "err": {},
              "uuid": "947d147e-3854-4b98-baf9-791a948d0418",
              "parentUUID": "e1dc8e2d-e190-410b-bd1e-47cd95227115",
              "isHook": false,
              "skipped": false
            },
            {
              "title": "Validar email de usuario ja cadastrado",
              "fullTitle": "Funcionalidade de cadastro de usuario Validar email de usuario ja cadastrado",
              "timedOut": null,
              "duration": 185,
              "state": "passed",
              "speed": "fast",
              "pass": true,
              "fail": false,
              "pending": false,
              "context": null,
              "code": "cy.validateEmailUser(person);",
              "err": {},
              "uuid": "f3472a55-fce3-4316-9490-e601613afe33",
              "parentUUID": "e1dc8e2d-e190-410b-bd1e-47cd95227115",
              "isHook": false,
              "skipped": false
            }
          ],
          "suites": [],
          "passes": [
            "947d147e-3854-4b98-baf9-791a948d0418",
            "f3472a55-fce3-4316-9490-e601613afe33"
          ],
          "failures": [],
          "pending": [],
          "skipped": [],
          "duration": 376,
          "root": false,
          "rootEmpty": false,
          "_timeout": 2000
        }
      ],
      "passes": [],
      "failures": [],
      "pending": [],
      "skipped": [],
      "duration": 0,
      "root": true,
      "rootEmpty": true,
      "_timeout": 2000
    }
  ],
  "meta": {
    "mocha": {
      "version": "7.0.1"
    },
    "mochawesome": {
      "options": {
        "quiet": false,
        "reportFilename": "mochawesome",
        "saveHtml": true,
        "saveJson": true,
        "consoleReporter": "spec",
        "useInlineDiffs": false,
        "code": true
      },
      "version": "7.1.3"
    },
    "marge": {
      "options": {
        "reportDir": "cypress/reports",
        "overwrite": false,
        "html": true,
        "json": true,
        "timestamp": "mmddyyyy_HHMMss"
      },
      "version": "6.2.0"
    }
  }
}