{
  "stats": {
    "suites": 1,
    "tests": 2,
    "passes": 2,
    "pending": 0,
    "failures": 0,
    "start": "2024-12-15T23:50:25.790Z",
    "end": "2024-12-15T23:50:26.583Z",
    "duration": 793,
    "testsRegistered": 2,
    "passPercent": 100,
    "pendingPercent": 0,
    "other": 0,
    "hasOther": false,
    "skipped": 0,
    "hasSkipped": false
  },
  "results": [
    {
      "uuid": "4807272b-3a4e-4127-b050-8c341d81eaf2",
      "title": "",
      "fullFile": "cypress\\e2e\\backend\\cadastrar-produto-backend.cy.js",
      "file": "cypress\\e2e\\backend\\cadastrar-produto-backend.cy.js",
      "beforeHooks": [],
      "afterHooks": [],
      "tests": [],
      "suites": [
        {
          "uuid": "9bcb6ea1-ae21-4e00-8970-d8b4fbc533b4",
          "title": "Cadastrar novo produto",
          "fullFile": "",
          "file": "",
          "beforeHooks": [],
          "afterHooks": [],
          "tests": [
            {
              "title": "Cadastrar novo produto com sucesso",
              "fullTitle": "Cadastrar novo produto Cadastrar novo produto com sucesso",
              "timedOut": null,
              "duration": 591,
              "state": "passed",
              "speed": "fast",
              "pass": true,
              "fail": false,
              "pending": false,
              "context": null,
              "code": "const product = (0, _commands.generateProduct)();\ncy.loginBackend();\ncy.newProduct(product);",
              "err": {},
              "uuid": "39d59005-408c-4e15-9121-fbf86786a4c7",
              "parentUUID": "9bcb6ea1-ae21-4e00-8970-d8b4fbc533b4",
              "isHook": false,
              "skipped": false
            },
            {
              "title": "Erro de token ao tentar cadastrar produto",
              "fullTitle": "Cadastrar novo produto Erro de token ao tentar cadastrar produto",
              "timedOut": null,
              "duration": 184,
              "state": "passed",
              "speed": "fast",
              "pass": true,
              "fail": false,
              "pending": false,
              "context": null,
              "code": "const product = (0, _commands.generateProduct)();\ncy.tokenError(product);",
              "err": {},
              "uuid": "67955135-4fef-4a81-9eb1-e948ec612db8",
              "parentUUID": "9bcb6ea1-ae21-4e00-8970-d8b4fbc533b4",
              "isHook": false,
              "skipped": false
            }
          ],
          "suites": [],
          "passes": [
            "39d59005-408c-4e15-9121-fbf86786a4c7",
            "67955135-4fef-4a81-9eb1-e948ec612db8"
          ],
          "failures": [],
          "pending": [],
          "skipped": [],
          "duration": 775,
          "root": false,
          "rootEmpty": false,
          "_timeout": 2000
        }
      ],
      "passes": [],
      "failures": [],
      "pending": [],
      "skipped": [],
      "duration": 0,
      "root": true,
      "rootEmpty": true,
      "_timeout": 2000
    }
  ],
  "meta": {
    "mocha": {
      "version": "7.0.1"
    },
    "mochawesome": {
      "options": {
        "quiet": false,
        "reportFilename": "mochawesome",
        "saveHtml": true,
        "saveJson": true,
        "consoleReporter": "spec",
        "useInlineDiffs": false,
        "code": true
      },
      "version": "7.1.3"
    },
    "marge": {
      "options": {
        "reportDir": "cypress/reports",
        "overwrite": false,
        "html": true,
        "json": true,
        "timestamp": "mmddyyyy_HHMMss"
      },
      "version": "6.2.0"
    }
  }
}