{
  "stats": {
    "suites": 1,
    "tests": 2,
    "passes": 2,
    "pending": 0,
    "failures": 0,
    "start": "2024-12-15T23:50:34.832Z",
    "end": "2024-12-15T23:50:51.720Z",
    "duration": 16888,
    "testsRegistered": 2,
    "passPercent": 100,
    "pendingPercent": 0,
    "other": 0,
    "hasOther": false,
    "skipped": 0,
    "hasSkipped": false
  },
  "results": [
    {
      "uuid": "8c733639-f120-4571-bba9-84f19f96d5d4",
      "title": "",
      "fullFile": "cypress\\e2e\\frontend\\step-definitions\\cadastrar-produto.cy.js",
      "file": "cypress\\e2e\\frontend\\step-definitions\\cadastrar-produto.cy.js",
      "beforeHooks": [],
      "afterHooks": [],
      "tests": [],
      "suites": [
        {
          "uuid": "31ffc452-2ad2-46fb-8f98-7fd6696825b2",
          "title": "Funcionalidade de cadastro de produto",
          "fullFile": "",
          "file": "",
          "beforeHooks": [],
          "afterHooks": [],
          "tests": [
            {
              "title": "Cadastrar novo produto com sucesso",
              "fullTitle": "Funcionalidade de cadastro de produto Cadastrar novo produto com sucesso",
              "timedOut": null,
              "duration": 8496,
              "state": "passed",
              "speed": "medium",
              "pass": true,
              "fail": false,
              "pending": false,
              "context": null,
              "code": "cy.visit(Cypress.env('URL'));\ncy.login(Cypress.env('USER_EMAIL'), Cypress.env('USER_PASSWORD'), Cypress.env('USER_NAME'));\ncy.newProduct(product);",
              "err": {},
              "uuid": "4609fbe7-e0a0-407f-8447-8d8c2c6f5e15",
              "parentUUID": "31ffc452-2ad2-46fb-8f98-7fd6696825b2",
              "isHook": false,
              "skipped": false
            },
            {
              "title": "Erro ao cadastrar novo produto",
              "fullTitle": "Funcionalidade de cadastro de produto Erro ao cadastrar novo produto",
              "timedOut": null,
              "duration": 4999,
              "state": "passed",
              "speed": "fast",
              "pass": true,
              "fail": false,
              "pending": false,
              "context": null,
              "code": "cy.visit(Cypress.env('URL'));\ncy.login(Cypress.env('USER_EMAIL'), Cypress.env('USER_PASSWORD'), Cypress.env('USER_NAME'));\ncy.errorProduct(product);",
              "err": {},
              "uuid": "cda4959e-1fa9-497c-aa46-a9328b60a798",
              "parentUUID": "31ffc452-2ad2-46fb-8f98-7fd6696825b2",
              "isHook": false,
              "skipped": false
            }
          ],
          "suites": [],
          "passes": [
            "4609fbe7-e0a0-407f-8447-8d8c2c6f5e15",
            "cda4959e-1fa9-497c-aa46-a9328b60a798"
          ],
          "failures": [],
          "pending": [],
          "skipped": [],
          "duration": 13495,
          "root": false,
          "rootEmpty": false,
          "_timeout": 2000
        }
      ],
      "passes": [],
      "failures": [],
      "pending": [],
      "skipped": [],
      "duration": 0,
      "root": true,
      "rootEmpty": true,
      "_timeout": 2000
    }
  ],
  "meta": {
    "mocha": {
      "version": "7.0.1"
    },
    "mochawesome": {
      "options": {
        "quiet": false,
        "reportFilename": "mochawesome",
        "saveHtml": true,
        "saveJson": true,
        "consoleReporter": "spec",
        "useInlineDiffs": false,
        "code": true
      },
      "version": "7.1.3"
    },
    "marge": {
      "options": {
        "reportDir": "cypress/reports",
        "overwrite": false,
        "html": true,
        "json": true,
        "timestamp": "mmddyyyy_HHMMss"
      },
      "version": "6.2.0"
    }
  }
}