{
  "stats": {
    "suites": 1,
    "tests": 2,
    "passes": 2,
    "pending": 0,
    "failures": 0,
    "start": "2024-12-15T23:50:31.573Z",
    "end": "2024-12-15T23:50:31.972Z",
    "duration": 399,
    "testsRegistered": 2,
    "passPercent": 100,
    "pendingPercent": 0,
    "other": 0,
    "hasOther": false,
    "skipped": 0,
    "hasSkipped": false
  },
  "results": [
    {
      "uuid": "50c7e81c-0d84-4c9f-beaf-c28abf48e89a",
      "title": "",
      "fullFile": "cypress\\e2e\\backend\\login-backend.cy.js",
      "file": "cypress\\e2e\\backend\\login-backend.cy.js",
      "beforeHooks": [],
      "afterHooks": [],
      "tests": [],
      "suites": [
        {
          "uuid": "1968f0af-ad05-4093-bc2a-c6228cb763f7",
          "title": "Funcionalidade login no sistema",
          "fullFile": "",
          "file": "",
          "beforeHooks": [],
          "afterHooks": [],
          "tests": [
            {
              "title": "Realizar o login no sistema",
              "fullTitle": "Funcionalidade login no sistema Realizar o login no sistema",
              "timedOut": null,
              "duration": 199,
              "state": "passed",
              "speed": "fast",
              "pass": true,
              "fail": false,
              "pending": false,
              "context": null,
              "code": "cy.loginBackend();",
              "err": {},
              "uuid": "59316f7c-e741-4b1e-902c-fd734d12114c",
              "parentUUID": "1968f0af-ad05-4093-bc2a-c6228cb763f7",
              "isHook": false,
              "skipped": false
            },
            {
              "title": "Erro ao realizar login no sistema",
              "fullTitle": "Funcionalidade login no sistema Erro ao realizar login no sistema",
              "timedOut": null,
              "duration": 180,
              "state": "passed",
              "speed": "fast",
              "pass": true,
              "fail": false,
              "pending": false,
              "context": null,
              "code": "cy.errorLoginBackend();",
              "err": {},
              "uuid": "60fe5755-3157-4d45-9558-12403d3f57c1",
              "parentUUID": "1968f0af-ad05-4093-bc2a-c6228cb763f7",
              "isHook": false,
              "skipped": false
            }
          ],
          "suites": [],
          "passes": [
            "59316f7c-e741-4b1e-902c-fd734d12114c",
            "60fe5755-3157-4d45-9558-12403d3f57c1"
          ],
          "failures": [],
          "pending": [],
          "skipped": [],
          "duration": 379,
          "root": false,
          "rootEmpty": false,
          "_timeout": 2000
        }
      ],
      "passes": [],
      "failures": [],
      "pending": [],
      "skipped": [],
      "duration": 0,
      "root": true,
      "rootEmpty": true,
      "_timeout": 2000
    }
  ],
  "meta": {
    "mocha": {
      "version": "7.0.1"
    },
    "mochawesome": {
      "options": {
        "quiet": false,
        "reportFilename": "mochawesome",
        "saveHtml": true,
        "saveJson": true,
        "consoleReporter": "spec",
        "useInlineDiffs": false,
        "code": true
      },
      "version": "7.1.3"
    },
    "marge": {
      "options": {
        "reportDir": "cypress/reports",
        "overwrite": false,
        "html": true,
        "json": true,
        "timestamp": "mmddyyyy_HHMMss"
      },
      "version": "6.2.0"
    }
  }
}